This file contains any messages produced by compilers while
running configure, to aid debugging if configure makes a mistake.

It was created by Tktable configure 2.10, which was
generated by GNU Autoconf 2.59.  Invocation command line was

  $ ./configure 

## --------- ##
## Platform. ##
## --------- ##

hostname = john-verzanis-macbook-pro.local
uname -m = i386
uname -r = 9.5.0
uname -s = Darwin
uname -v = Darwin Kernel Version 9.5.0: Wed Sep  3 11:29:43 PDT 2008; root:xnu-1228.7.58~1/RELEASE_I386

/usr/bin/uname -p = i386
/bin/uname -X     = unknown

/bin/arch              = unknown
/usr/bin/arch -k       = unknown
/usr/convex/getsysinfo = unknown
hostinfo               = Mach kernel version:
	 Darwin Kernel Version 9.5.0: Wed Sep  3 11:29:43 PDT 2008; root:xnu-1228.7.58~1/RELEASE_I386
Kernel configured for up to 2 processors.
2 processors are physically available.
2 processors are logically available.
Processor type: i486 (Intel 80486)
Processors active: 0 1
Primary memory available: 4.00 gigabytes
Default processor set: 101 tasks, 384 threads, 2 processors
Load average: 2.48, Mach factor: 0.68
/bin/machine           = unknown
/usr/bin/oslevel       = unknown
/bin/universe          = unknown

PATH: /usr/local/bin
PATH: /opt/local/bin
PATH: /opt/local/sbin
PATH: /Users/verzani/bin
PATH: /usr/bin
PATH: /bin
PATH: /usr/sbin
PATH: /sbin
PATH: /usr/local/bin
PATH: /usr/X11/bin


## ----------- ##
## Core tests. ##
## ----------- ##

configure:1338: checking for correct TEA configuration
configure:1357: result: ok (TEA 3.7)
configure:1483: checking for Tcl configuration
configure:1599: result: found /Library/Frameworks/Tcl.framework/tclConfig.sh
configure:1605: checking for existence of /Library/Frameworks/Tcl.framework/tclConfig.sh
configure:1609: result: loading
configure:1700: checking for Tk configuration
configure:1816: result: found /Library/Frameworks/Tk.framework/tkConfig.sh
configure:1822: checking for existence of /Library/Frameworks/Tk.framework/tkConfig.sh
configure:1826: result: loading
configure:1922: --prefix defaulting to TCL_PREFIX /usr/local
configure:1934: --exec-prefix defaulting to TCL_EXEC_PREFIX /usr/local
configure:2008: checking for gcc
configure:2024: found /usr/bin/gcc
configure:2034: result: gcc
configure:2278: checking for C compiler version
configure:2281: gcc --version </dev/null >&5
i686-apple-darwin9-gcc-4.0.1 (GCC) 4.0.1 (Apple Inc. build 5465)
Copyright (C) 2005 Free Software Foundation, Inc.
This is free software; see the source for copying conditions.  There is NO
warranty; not even for MERCHANTABILITY or FITNESS FOR A PARTICULAR PURPOSE.

configure:2284: $? = 0
configure:2286: gcc -v </dev/null >&5
Using built-in specs.
Target: i686-apple-darwin9
Configured with: /var/tmp/gcc/gcc-5465~16/src/configure --disable-checking -enable-werror --prefix=/usr --mandir=/share/man --enable-languages=c,objc,c++,obj-c++ --program-transform-name=/^[cg][^.-]*$/s/$/-4.0/ --with-gxx-include-dir=/include/c++/4.0.0 --with-slibdir=/usr/lib --build=i686-apple-darwin9 --with-arch=apple --with-tune=generic --host=i686-apple-darwin9 --target=i686-apple-darwin9
Thread model: posix
gcc version 4.0.1 (Apple Inc. build 5465)
configure:2289: $? = 0
configure:2291: gcc -V </dev/null >&5
gcc-4.0: argument to `-V' is missing
configure:2294: $? = 1
configure:2317: checking for C compiler default output file name
configure:2320: gcc    conftest.c  >&5
configure:2323: $? = 0
configure:2369: result: a.out
configure:2374: checking whether the C compiler works
configure:2380: ./a.out
configure:2383: $? = 0
configure:2400: result: yes
configure:2407: checking whether we are cross compiling
configure:2409: result: no
configure:2412: checking for suffix of executables
configure:2414: gcc -o conftest    conftest.c  >&5
configure:2417: $? = 0
configure:2442: result: 
configure:2448: checking for suffix of object files
configure:2469: gcc -c   conftest.c >&5
configure:2472: $? = 0
configure:2494: result: o
configure:2498: checking whether we are using the GNU C compiler
configure:2522: gcc -c   conftest.c >&5
configure:2528: $? = 0
configure:2532: test -z 
			 || test ! -s conftest.err
configure:2535: $? = 0
configure:2538: test -s conftest.o
configure:2541: $? = 0
configure:2554: result: yes
configure:2560: checking whether gcc accepts -g
configure:2581: gcc -c -g  conftest.c >&5
configure:2587: $? = 0
configure:2591: test -z 
			 || test ! -s conftest.err
configure:2594: $? = 0
configure:2597: test -s conftest.o
configure:2600: $? = 0
configure:2611: result: yes
configure:2628: checking for gcc option to accept ANSI C
configure:2698: gcc  -c   conftest.c >&5
configure:2704: $? = 0
configure:2708: test -z 
			 || test ! -s conftest.err
configure:2711: $? = 0
configure:2714: test -s conftest.o
configure:2717: $? = 0
configure:2735: result: none needed
configure:2753: gcc -c   conftest.c >&5
conftest.c:2: error: syntax error before 'me'
configure:2759: $? = 1
configure: failed program was:
| #ifndef __cplusplus
|   choke me
| #endif
configure:2897: checking how to run the C preprocessor
configure:2932: gcc -E  conftest.c
configure:2938: $? = 0
configure:2970: gcc -E  conftest.c
conftest.c:10:28: error: ac_nonexistent.h: No such file or directory
configure:2976: $? = 1
configure: failed program was:
| /* confdefs.h.  */
| 
| #define PACKAGE_NAME "Tktable"
| #define PACKAGE_TARNAME "tktable"
| #define PACKAGE_VERSION "2.10"
| #define PACKAGE_STRING "Tktable 2.10"
| #define PACKAGE_BUGREPORT ""
| #define MAC_OSX_TK 1
| /* end confdefs.h.  */
| #include <ac_nonexistent.h>
configure:3015: result: gcc -E
configure:3039: gcc -E  conftest.c
configure:3045: $? = 0
configure:3077: gcc -E  conftest.c
conftest.c:10:28: error: ac_nonexistent.h: No such file or directory
configure:3083: $? = 1
configure: failed program was:
| /* confdefs.h.  */
| 
| #define PACKAGE_NAME "Tktable"
| #define PACKAGE_TARNAME "tktable"
| #define PACKAGE_VERSION "2.10"
| #define PACKAGE_STRING "Tktable 2.10"
| #define PACKAGE_BUGREPORT ""
| #define MAC_OSX_TK 1
| /* end confdefs.h.  */
| #include <ac_nonexistent.h>
configure:3140: checking for a BSD-compatible install
configure:3195: result: /usr/bin/install -c
configure:3211: checking whether make sets $(MAKE)
configure:3231: result: yes
configure:3286: checking for ranlib
configure:3302: found /usr/bin/ranlib
configure:3313: result: ranlib
configure:3335: checking for egrep
configure:3345: result: grep -E
configure:3350: checking for ANSI C header files
configure:3375: gcc -c   conftest.c >&5
configure:3381: $? = 0
configure:3385: test -z 
			 || test ! -s conftest.err
configure:3388: $? = 0
configure:3391: test -s conftest.o
configure:3394: $? = 0
configure:3483: gcc -o conftest    conftest.c  >&5
conftest.c: In function 'main':
conftest.c:27: warning: incompatible implicit declaration of built-in function 'exit'
configure:3486: $? = 0
configure:3488: ./conftest
configure:3491: $? = 0
configure:3506: result: yes
configure:3530: checking for sys/types.h
configure:3546: gcc -c   conftest.c >&5
configure:3552: $? = 0
configure:3556: test -z 
			 || test ! -s conftest.err
configure:3559: $? = 0
configure:3562: test -s conftest.o
configure:3565: $? = 0
configure:3576: result: yes
configure:3530: checking for sys/stat.h
configure:3546: gcc -c   conftest.c >&5
configure:3552: $? = 0
configure:3556: test -z 
			 || test ! -s conftest.err
configure:3559: $? = 0
configure:3562: test -s conftest.o
configure:3565: $? = 0
configure:3576: result: yes
configure:3530: checking for stdlib.h
configure:3546: gcc -c   conftest.c >&5
configure:3552: $? = 0
configure:3556: test -z 
			 || test ! -s conftest.err
configure:3559: $? = 0
configure:3562: test -s conftest.o
configure:3565: $? = 0
configure:3576: result: yes
configure:3530: checking for string.h
configure:3546: gcc -c   conftest.c >&5
configure:3552: $? = 0
configure:3556: test -z 
			 || test ! -s conftest.err
configure:3559: $? = 0
configure:3562: test -s conftest.o
configure:3565: $? = 0
configure:3576: result: yes
configure:3530: checking for memory.h
configure:3546: gcc -c   conftest.c >&5
configure:3552: $? = 0
configure:3556: test -z 
			 || test ! -s conftest.err
configure:3559: $? = 0
configure:3562: test -s conftest.o
configure:3565: $? = 0
configure:3576: result: yes
configure:3530: checking for strings.h
configure:3546: gcc -c   conftest.c >&5
configure:3552: $? = 0
configure:3556: test -z 
			 || test ! -s conftest.err
configure:3559: $? = 0
configure:3562: test -s conftest.o
configure:3565: $? = 0
configure:3576: result: yes
configure:3530: checking for inttypes.h
configure:3546: gcc -c   conftest.c >&5
configure:3552: $? = 0
configure:3556: test -z 
			 || test ! -s conftest.err
configure:3559: $? = 0
configure:3562: test -s conftest.o
configure:3565: $? = 0
configure:3576: result: yes
configure:3530: checking for stdint.h
configure:3546: gcc -c   conftest.c >&5
configure:3552: $? = 0
configure:3556: test -z 
			 || test ! -s conftest.err
configure:3559: $? = 0
configure:3562: test -s conftest.o
configure:3565: $? = 0
configure:3576: result: yes
configure:3530: checking for unistd.h
configure:3546: gcc -c   conftest.c >&5
configure:3552: $? = 0
configure:3556: test -z 
			 || test ! -s conftest.err
configure:3559: $? = 0
configure:3562: test -s conftest.o
configure:3565: $? = 0
configure:3576: result: yes
configure:3598: checking if the compiler understands -pipe
configure:3621: gcc -c  -pipe  conftest.c >&5
configure:3627: $? = 0
configure:3631: test -z 
			 || test ! -s conftest.err
configure:3634: $? = 0
configure:3637: test -s conftest.o
configure:3640: $? = 0
configure:3652: result: yes
configure:3663: checking whether byte ordering is bigendian
configure:3690: gcc -c  -pipe  conftest.c >&5
configure:3696: $? = 0
configure:3700: test -z 
			 || test ! -s conftest.err
configure:3703: $? = 0
configure:3706: test -s conftest.o
configure:3709: $? = 0
configure:3733: gcc -c  -pipe  conftest.c >&5
conftest.c: In function 'main':
conftest.c:27: error: 'not' undeclared (first use in this function)
conftest.c:27: error: (Each undeclared identifier is reported only once
conftest.c:27: error: for each function it appears in.)
conftest.c:27: error: syntax error before 'big'
configure:3739: $? = 1
configure: failed program was:
| /* confdefs.h.  */
| 
| #define PACKAGE_NAME "Tktable"
| #define PACKAGE_TARNAME "tktable"
| #define PACKAGE_VERSION "2.10"
| #define PACKAGE_STRING "Tktable 2.10"
| #define PACKAGE_BUGREPORT ""
| #define MAC_OSX_TK 1
| #define STDC_HEADERS 1
| #define HAVE_SYS_TYPES_H 1
| #define HAVE_SYS_STAT_H 1
| #define HAVE_STDLIB_H 1
| #define HAVE_STRING_H 1
| #define HAVE_MEMORY_H 1
| #define HAVE_STRINGS_H 1
| #define HAVE_INTTYPES_H 1
| #define HAVE_STDINT_H 1
| #define HAVE_UNISTD_H 1
| /* end confdefs.h.  */
| #include <sys/types.h>
| #include <sys/param.h>
| 
| int
| main ()
| {
| #if BYTE_ORDER != BIG_ENDIAN
|  not big endian
| #endif
| 
|   ;
|   return 0;
| }
configure:3874: result: no
configure:3902: checking for sin
configure:3959: gcc -o conftest  -pipe   conftest.c  >&5
conftest.c:44: warning: conflicting types for built-in function 'sin'
configure:3965: $? = 0
configure:3969: test -z 
			 || test ! -s conftest.err
configure:3972: $? = 0
configure:3975: test -s conftest
configure:3978: $? = 0
configure:3990: result: yes
configure:3998: checking for main in -lieee
configure:4022: gcc -o conftest  -pipe   conftest.c -lieee   >&5
ld: library not found for -lieee
collect2: ld returned 1 exit status
configure:4028: $? = 1
configure: failed program was:
| /* confdefs.h.  */
| 
| #define PACKAGE_NAME "Tktable"
| #define PACKAGE_TARNAME "tktable"
| #define PACKAGE_VERSION "2.10"
| #define PACKAGE_STRING "Tktable 2.10"
| #define PACKAGE_BUGREPORT ""
| #define MAC_OSX_TK 1
| #define STDC_HEADERS 1
| #define HAVE_SYS_TYPES_H 1
| #define HAVE_SYS_STAT_H 1
| #define HAVE_STDLIB_H 1
| #define HAVE_STRING_H 1
| #define HAVE_MEMORY_H 1
| #define HAVE_STRINGS_H 1
| #define HAVE_INTTYPES_H 1
| #define HAVE_STDINT_H 1
| #define HAVE_UNISTD_H 1
| /* end confdefs.h.  */
| 
| 
| int
| main ()
| {
| main ();
|   ;
|   return 0;
| }
configure:4054: result: no
configure:4066: checking for main in -linet
configure:4090: gcc -o conftest  -pipe   conftest.c -linet   >&5
ld: library not found for -linet
collect2: ld returned 1 exit status
configure:4096: $? = 1
configure: failed program was:
| /* confdefs.h.  */
| 
| #define PACKAGE_NAME "Tktable"
| #define PACKAGE_TARNAME "tktable"
| #define PACKAGE_VERSION "2.10"
| #define PACKAGE_STRING "Tktable 2.10"
| #define PACKAGE_BUGREPORT ""
| #define MAC_OSX_TK 1
| #define STDC_HEADERS 1
| #define HAVE_SYS_TYPES_H 1
| #define HAVE_SYS_STAT_H 1
| #define HAVE_STDLIB_H 1
| #define HAVE_STRING_H 1
| #define HAVE_MEMORY_H 1
| #define HAVE_STRINGS_H 1
| #define HAVE_INTTYPES_H 1
| #define HAVE_STDINT_H 1
| #define HAVE_UNISTD_H 1
| /* end confdefs.h.  */
| 
| 
| int
| main ()
| {
| main ();
|   ;
|   return 0;
| }
configure:4122: result: no
configure:4138: checking net/errno.h usability
configure:4150: gcc -c  -pipe  conftest.c >&5
conftest.c:54:23: error: net/errno.h: No such file or directory
configure:4156: $? = 1
configure: failed program was:
| /* confdefs.h.  */
| 
| #define PACKAGE_NAME "Tktable"
| #define PACKAGE_TARNAME "tktable"
| #define PACKAGE_VERSION "2.10"
| #define PACKAGE_STRING "Tktable 2.10"
| #define PACKAGE_BUGREPORT ""
| #define MAC_OSX_TK 1
| #define STDC_HEADERS 1
| #define HAVE_SYS_TYPES_H 1
| #define HAVE_SYS_STAT_H 1
| #define HAVE_STDLIB_H 1
| #define HAVE_STRING_H 1
| #define HAVE_MEMORY_H 1
| #define HAVE_STRINGS_H 1
| #define HAVE_INTTYPES_H 1
| #define HAVE_STDINT_H 1
| #define HAVE_UNISTD_H 1
| /* end confdefs.h.  */
| #include <stdio.h>
| #if HAVE_SYS_TYPES_H
| # include <sys/types.h>
| #endif
| #if HAVE_SYS_STAT_H
| # include <sys/stat.h>
| #endif
| #if STDC_HEADERS
| # include <stdlib.h>
| # include <stddef.h>
| #else
| # if HAVE_STDLIB_H
| #  include <stdlib.h>
| # endif
| #endif
| #if HAVE_STRING_H
| # if !STDC_HEADERS && HAVE_MEMORY_H
| #  include <memory.h>
| # endif
| # include <string.h>
| #endif
| #if HAVE_STRINGS_H
| # include <strings.h>
| #endif
| #if HAVE_INTTYPES_H
| # include <inttypes.h>
| #else
| # if HAVE_STDINT_H
| #  include <stdint.h>
| # endif
| #endif
| #if HAVE_UNISTD_H
| # include <unistd.h>
| #endif
| #include <net/errno.h>
configure:4179: result: no
configure:4183: checking net/errno.h presence
configure:4193: gcc -E  conftest.c
conftest.c:20:23: error: net/errno.h: No such file or directory
configure:4199: $? = 1
configure: failed program was:
| /* confdefs.h.  */
| 
| #define PACKAGE_NAME "Tktable"
| #define PACKAGE_TARNAME "tktable"
| #define PACKAGE_VERSION "2.10"
| #define PACKAGE_STRING "Tktable 2.10"
| #define PACKAGE_BUGREPORT ""
| #define MAC_OSX_TK 1
| #define STDC_HEADERS 1
| #define HAVE_SYS_TYPES_H 1
| #define HAVE_SYS_STAT_H 1
| #define HAVE_STDLIB_H 1
| #define HAVE_STRING_H 1
| #define HAVE_MEMORY_H 1
| #define HAVE_STRINGS_H 1
| #define HAVE_INTTYPES_H 1
| #define HAVE_STDINT_H 1
| #define HAVE_UNISTD_H 1
| /* end confdefs.h.  */
| #include <net/errno.h>
configure:4219: result: no
configure:4254: checking for net/errno.h
configure:4261: result: no
configure:4295: checking for connect
configure:4352: gcc -o conftest  -pipe   conftest.c  >&5
configure:4358: $? = 0
configure:4362: test -z 
			 || test ! -s conftest.err
configure:4365: $? = 0
configure:4368: test -s conftest
configure:4371: $? = 0
configure:4383: result: yes
configure:4658: checking for gethostbyname
configure:4715: gcc -o conftest  -pipe   conftest.c  >&5
configure:4721: $? = 0
configure:4725: test -z 
			 || test ! -s conftest.err
configure:4728: $? = 0
configure:4731: test -s conftest
configure:4734: $? = 0
configure:4746: result: yes
configure:4830: checking dirent.h
configure:4871: gcc -o conftest  -pipe   conftest.c  >&5
configure:4877: $? = 0
configure:4881: test -z 
			 || test ! -s conftest.err
configure:4884: $? = 0
configure:4887: test -s conftest
configure:4890: $? = 0
configure:4902: result: yes
configure:4924: checking errno.h usability
configure:4936: gcc -c  -pipe  conftest.c >&5
configure:4942: $? = 0
configure:4946: test -z 
			 || test ! -s conftest.err
configure:4949: $? = 0
configure:4952: test -s conftest.o
configure:4955: $? = 0
configure:4965: result: yes
configure:4969: checking errno.h presence
configure:4979: gcc -E  conftest.c
configure:4985: $? = 0
configure:5005: result: yes
configure:5040: checking for errno.h
configure:5047: result: yes
configure:5072: checking float.h usability
configure:5084: gcc -c  -pipe  conftest.c >&5
configure:5090: $? = 0
configure:5094: test -z 
			 || test ! -s conftest.err
configure:5097: $? = 0
configure:5100: test -s conftest.o
configure:5103: $? = 0
configure:5113: result: yes
configure:5117: checking float.h presence
configure:5127: gcc -E  conftest.c
configure:5133: $? = 0
configure:5153: result: yes
configure:5188: checking for float.h
configure:5195: result: yes
configure:5220: checking values.h usability
configure:5232: gcc -c  -pipe  conftest.c >&5
conftest.c:54:20: error: values.h: No such file or directory
configure:5238: $? = 1
configure: failed program was:
| /* confdefs.h.  */
| 
| #define PACKAGE_NAME "Tktable"
| #define PACKAGE_TARNAME "tktable"
| #define PACKAGE_VERSION "2.10"
| #define PACKAGE_STRING "Tktable 2.10"
| #define PACKAGE_BUGREPORT ""
| #define MAC_OSX_TK 1
| #define STDC_HEADERS 1
| #define HAVE_SYS_TYPES_H 1
| #define HAVE_SYS_STAT_H 1
| #define HAVE_STDLIB_H 1
| #define HAVE_STRING_H 1
| #define HAVE_MEMORY_H 1
| #define HAVE_STRINGS_H 1
| #define HAVE_INTTYPES_H 1
| #define HAVE_STDINT_H 1
| #define HAVE_UNISTD_H 1
| /* end confdefs.h.  */
| #include <stdio.h>
| #if HAVE_SYS_TYPES_H
| # include <sys/types.h>
| #endif
| #if HAVE_SYS_STAT_H
| # include <sys/stat.h>
| #endif
| #if STDC_HEADERS
| # include <stdlib.h>
| # include <stddef.h>
| #else
| # if HAVE_STDLIB_H
| #  include <stdlib.h>
| # endif
| #endif
| #if HAVE_STRING_H
| # if !STDC_HEADERS && HAVE_MEMORY_H
| #  include <memory.h>
| # endif
| # include <string.h>
| #endif
| #if HAVE_STRINGS_H
| # include <strings.h>
| #endif
| #if HAVE_INTTYPES_H
| # include <inttypes.h>
| #else
| # if HAVE_STDINT_H
| #  include <stdint.h>
| # endif
| #endif
| #if HAVE_UNISTD_H
| # include <unistd.h>
| #endif
| #include <values.h>
configure:5261: result: no
configure:5265: checking values.h presence
configure:5275: gcc -E  conftest.c
conftest.c:20:20: error: values.h: No such file or directory
configure:5281: $? = 1
configure: failed program was:
| /* confdefs.h.  */
| 
| #define PACKAGE_NAME "Tktable"
| #define PACKAGE_TARNAME "tktable"
| #define PACKAGE_VERSION "2.10"
| #define PACKAGE_STRING "Tktable 2.10"
| #define PACKAGE_BUGREPORT ""
| #define MAC_OSX_TK 1
| #define STDC_HEADERS 1
| #define HAVE_SYS_TYPES_H 1
| #define HAVE_SYS_STAT_H 1
| #define HAVE_STDLIB_H 1
| #define HAVE_STRING_H 1
| #define HAVE_MEMORY_H 1
| #define HAVE_STRINGS_H 1
| #define HAVE_INTTYPES_H 1
| #define HAVE_STDINT_H 1
| #define HAVE_UNISTD_H 1
| /* end confdefs.h.  */
| #include <values.h>
configure:5301: result: no
configure:5336: checking for values.h
configure:5343: result: no
configure:5368: checking limits.h usability
configure:5380: gcc -c  -pipe  conftest.c >&5
configure:5386: $? = 0
configure:5390: test -z 
			 || test ! -s conftest.err
configure:5393: $? = 0
configure:5396: test -s conftest.o
configure:5399: $? = 0
configure:5409: result: yes
configure:5413: checking limits.h presence
configure:5423: gcc -E  conftest.c
configure:5429: $? = 0
configure:5449: result: yes
configure:5484: checking for limits.h
configure:5491: result: yes
configure:5511: checking for stdlib.h
configure:5516: result: yes
configure:5713: checking for string.h
configure:5718: result: yes
configure:5912: checking sys/wait.h usability
configure:5924: gcc -c  -pipe  conftest.c >&5
configure:5930: $? = 0
configure:5934: test -z 
			 || test ! -s conftest.err
configure:5937: $? = 0
configure:5940: test -s conftest.o
configure:5943: $? = 0
configure:5953: result: yes
configure:5957: checking sys/wait.h presence
configure:5967: gcc -E  conftest.c
configure:5973: $? = 0
configure:5993: result: yes
configure:6028: checking for sys/wait.h
configure:6035: result: yes
configure:6060: checking dlfcn.h usability
configure:6072: gcc -c  -pipe  conftest.c >&5
configure:6078: $? = 0
configure:6082: test -z 
			 || test ! -s conftest.err
configure:6085: $? = 0
configure:6088: test -s conftest.o
configure:6091: $? = 0
configure:6101: result: yes
configure:6105: checking dlfcn.h presence
configure:6115: gcc -E  conftest.c
configure:6121: $? = 0
configure:6141: result: yes
configure:6176: checking for dlfcn.h
configure:6183: result: yes
configure:6214: checking sys/param.h usability
configure:6226: gcc -c  -pipe  conftest.c >&5
configure:6232: $? = 0
configure:6236: test -z 
			 || test ! -s conftest.err
configure:6239: $? = 0
configure:6242: test -s conftest.o
configure:6245: $? = 0
configure:6255: result: yes
configure:6259: checking sys/param.h presence
configure:6269: gcc -E  conftest.c
configure:6275: $? = 0
configure:6295: result: yes
configure:6330: checking for sys/param.h
configure:6337: result: yes
configure:6469: checking for Tcl public headers
configure:6543: result: /Library/Frameworks/Tcl.framework/Headers
configure:6556: checking for Tk public headers
configure:6629: result: /Library/Frameworks/Tk.framework/Headers
configure:6643: checking for X11 header files
configure:6650: result: /Library/Frameworks/Tk.framework/Headers
configure:7193: checking for pthread_mutex_init in -lpthread
configure:7223: gcc -o conftest  -pipe   conftest.c -lpthread   >&5
configure:7229: $? = 0
configure:7233: test -z 
			 || test ! -s conftest.err
configure:7236: $? = 0
configure:7239: test -s conftest
configure:7242: $? = 0
configure:7255: result: yes
configure:7576: checking for building with threads
configure:7584: result: yes (default)
configure:7625: checking how to build libraries
configure:7643: result: shared
configure:7670: checking if 64bit support is requested
configure:7679: result: no
configure:7684: checking if 64bit Sparc VIS support is requested
configure:7693: result: no
configure:7704: checking if compiler supports visibility "hidden"
configure:7729: gcc -o conftest  -pipe -Werror   conftest.c  >&5
configure:7735: $? = 0
configure:7739: test -z 
			 || test ! -s conftest.err
configure:7742: $? = 0
configure:7745: test -s conftest
configure:7748: $? = 0
configure:7761: result: yes
configure:7776: checking if rpath support is requested
configure:7785: result: yes
configure:7811: checking system version
configure:7842: result: Darwin-9.5.0
configure:7850: checking for dlopen in -ldl
configure:7880: gcc -o conftest  -pipe   conftest.c -ldl   >&5
configure:7886: $? = 0
configure:7890: test -z 
			 || test ! -s conftest.err
configure:7893: $? = 0
configure:7896: test -s conftest
configure:7899: $? = 0
configure:7912: result: yes
configure:7958: checking for ar
configure:7974: found /usr/bin/ar
configure:7984: result: ar
configure:9387: checking if ld accepts -single_module flag
configure:9411: gcc -o conftest -pipe     -dynamiclib -Wl,-single_module conftest.c  >&5
configure:9417: $? = 0
configure:9421: test -z 
			 || test ! -s conftest.err
configure:9424: $? = 0
configure:9427: test -s conftest
configure:9430: $? = 0
configure:9443: result: yes
configure:9466: checking if ld accepts -search_paths_first flag
configure:9490: gcc -o conftest -pipe     -prebind -headerpad_max_install_names -Wl,-search_paths_first conftest.c  >&5
configure:9496: $? = 0
configure:9500: test -z 
			 || test ! -s conftest.err
configure:9503: $? = 0
configure:9506: test -s conftest
configure:9509: $? = 0
configure:9522: result: yes
configure:10163: checking for required early compiler flags
configure:10186: gcc -c -pipe    conftest.c >&5
configure:10192: $? = 0
configure:10196: test -z 
			 || test ! -s conftest.err
configure:10199: $? = 0
configure:10202: test -s conftest.o
configure:10205: $? = 0
configure:10291: gcc -c -pipe    conftest.c >&5
configure:10297: $? = 0
configure:10301: test -z 
			 || test ! -s conftest.err
configure:10304: $? = 0
configure:10307: test -s conftest.o
configure:10310: $? = 0
configure:10396: gcc -c -pipe    conftest.c >&5
conftest.c: In function 'main':
conftest.c:32: error: 'open64' undeclared (first use in this function)
conftest.c:32: error: (Each undeclared identifier is reported only once
conftest.c:32: error: for each function it appears in.)
configure:10402: $? = 1
configure: failed program was:
| /* confdefs.h.  */
| 
| #define PACKAGE_NAME "Tktable"
| #define PACKAGE_TARNAME "tktable"
| #define PACKAGE_VERSION "2.10"
| #define PACKAGE_STRING "Tktable 2.10"
| #define PACKAGE_BUGREPORT ""
| #define MAC_OSX_TK 1
| #define STDC_HEADERS 1
| #define HAVE_SYS_TYPES_H 1
| #define HAVE_SYS_STAT_H 1
| #define HAVE_STDLIB_H 1
| #define HAVE_STRING_H 1
| #define HAVE_MEMORY_H 1
| #define HAVE_STRINGS_H 1
| #define HAVE_INTTYPES_H 1
| #define HAVE_STDINT_H 1
| #define HAVE_UNISTD_H 1
| #define NO_VALUES_H 1
| #define HAVE_LIMITS_H 1
| #define HAVE_SYS_PARAM_H 1
| #define USE_THREAD_ALLOC 1
| #define _REENTRANT 1
| #define _THREAD_SAFE 1
| #define TCL_THREADS 1
| #define MODULE_SCOPE extern __attribute__((__visibility__("hidden")))
| /* end confdefs.h.  */
| #include <sys/stat.h>
| int
| main ()
| {
| char *p = (char *)open64;
|   ;
|   return 0;
| }
configure:10439: gcc -c -pipe    conftest.c >&5
conftest.c: In function 'main':
conftest.c:33: error: 'open64' undeclared (first use in this function)
conftest.c:33: error: (Each undeclared identifier is reported only once
conftest.c:33: error: for each function it appears in.)
configure:10445: $? = 1
configure: failed program was:
| /* confdefs.h.  */
| 
| #define PACKAGE_NAME "Tktable"
| #define PACKAGE_TARNAME "tktable"
| #define PACKAGE_VERSION "2.10"
| #define PACKAGE_STRING "Tktable 2.10"
| #define PACKAGE_BUGREPORT ""
| #define MAC_OSX_TK 1
| #define STDC_HEADERS 1
| #define HAVE_SYS_TYPES_H 1
| #define HAVE_SYS_STAT_H 1
| #define HAVE_STDLIB_H 1
| #define HAVE_STRING_H 1
| #define HAVE_MEMORY_H 1
| #define HAVE_STRINGS_H 1
| #define HAVE_INTTYPES_H 1
| #define HAVE_STDINT_H 1
| #define HAVE_UNISTD_H 1
| #define NO_VALUES_H 1
| #define HAVE_LIMITS_H 1
| #define HAVE_SYS_PARAM_H 1
| #define USE_THREAD_ALLOC 1
| #define _REENTRANT 1
| #define _THREAD_SAFE 1
| #define TCL_THREADS 1
| #define MODULE_SCOPE extern __attribute__((__visibility__("hidden")))
| /* end confdefs.h.  */
| #define _LARGEFILE_SOURCE64 1
| #include <sys/stat.h>
| int
| main ()
| {
| char *p = (char *)open64;
|   ;
|   return 0;
| }
configure:10482: result: none
configure:10490: checking for 64-bit integer type
configure:10514: gcc -c -pipe    conftest.c >&5
conftest.c: In function 'main':
conftest.c:32: error: '__int64' undeclared (first use in this function)
conftest.c:32: error: (Each undeclared identifier is reported only once
conftest.c:32: error: for each function it appears in.)
conftest.c:32: error: syntax error before 'value'
configure:10520: $? = 1
configure: failed program was:
| /* confdefs.h.  */
| 
| #define PACKAGE_NAME "Tktable"
| #define PACKAGE_TARNAME "tktable"
| #define PACKAGE_VERSION "2.10"
| #define PACKAGE_STRING "Tktable 2.10"
| #define PACKAGE_BUGREPORT ""
| #define MAC_OSX_TK 1
| #define STDC_HEADERS 1
| #define HAVE_SYS_TYPES_H 1
| #define HAVE_SYS_STAT_H 1
| #define HAVE_STDLIB_H 1
| #define HAVE_STRING_H 1
| #define HAVE_MEMORY_H 1
| #define HAVE_STRINGS_H 1
| #define HAVE_INTTYPES_H 1
| #define HAVE_STDINT_H 1
| #define HAVE_UNISTD_H 1
| #define NO_VALUES_H 1
| #define HAVE_LIMITS_H 1
| #define HAVE_SYS_PARAM_H 1
| #define USE_THREAD_ALLOC 1
| #define _REENTRANT 1
| #define _THREAD_SAFE 1
| #define TCL_THREADS 1
| #define MODULE_SCOPE extern __attribute__((__visibility__("hidden")))
| /* end confdefs.h.  */
| 
| int
| main ()
| {
| __int64 value = (__int64) 0;
|   ;
|   return 0;
| }
configure:10564: gcc -c -pipe    conftest.c >&5
configure:10570: $? = 0
configure:10574: test -z 
			 || test ! -s conftest.err
configure:10577: $? = 0
configure:10580: test -s conftest.o
configure:10583: $? = 0
configure:10614: result: long long
configure:10618: checking for struct dirent64
configure:10641: gcc -c -pipe    conftest.c >&5
conftest.c: In function 'main':
conftest.c:34: error: storage size of 'p' isn't known
configure:10647: $? = 1
configure: failed program was:
| /* confdefs.h.  */
| 
| #define PACKAGE_NAME "Tktable"
| #define PACKAGE_TARNAME "tktable"
| #define PACKAGE_VERSION "2.10"
| #define PACKAGE_STRING "Tktable 2.10"
| #define PACKAGE_BUGREPORT ""
| #define MAC_OSX_TK 1
| #define STDC_HEADERS 1
| #define HAVE_SYS_TYPES_H 1
| #define HAVE_SYS_STAT_H 1
| #define HAVE_STDLIB_H 1
| #define HAVE_STRING_H 1
| #define HAVE_MEMORY_H 1
| #define HAVE_STRINGS_H 1
| #define HAVE_INTTYPES_H 1
| #define HAVE_STDINT_H 1
| #define HAVE_UNISTD_H 1
| #define NO_VALUES_H 1
| #define HAVE_LIMITS_H 1
| #define HAVE_SYS_PARAM_H 1
| #define USE_THREAD_ALLOC 1
| #define _REENTRANT 1
| #define _THREAD_SAFE 1
| #define TCL_THREADS 1
| #define MODULE_SCOPE extern __attribute__((__visibility__("hidden")))
| #define TCL_WIDE_INT_TYPE long long
| /* end confdefs.h.  */
| #include <sys/types.h>
| #include <sys/dirent.h>
| int
| main ()
| {
| struct dirent64 p;
|   ;
|   return 0;
| }
configure:10671: result: no
configure:10681: checking for struct stat64
configure:10704: gcc -c -pipe    conftest.c >&5
configure:10710: $? = 0
configure:10714: test -z 
			 || test ! -s conftest.err
configure:10717: $? = 0
configure:10720: test -s conftest.o
configure:10723: $? = 0
configure:10734: result: yes
configure:10749: checking for open64
configure:10806: gcc -o conftest -pipe     -prebind -headerpad_max_install_names -Wl,-search_paths_first  conftest.c  >&5
Undefined symbols:
  "_open64", referenced from:
      _f in cczEGbgB.o
      _open64$non_lazy_ptr in cczEGbgB.o
ld: symbol(s) not found
collect2: ld returned 1 exit status
configure:10812: $? = 1
configure: failed program was:
| /* confdefs.h.  */
| 
| #define PACKAGE_NAME "Tktable"
| #define PACKAGE_TARNAME "tktable"
| #define PACKAGE_VERSION "2.10"
| #define PACKAGE_STRING "Tktable 2.10"
| #define PACKAGE_BUGREPORT ""
| #define MAC_OSX_TK 1
| #define STDC_HEADERS 1
| #define HAVE_SYS_TYPES_H 1
| #define HAVE_SYS_STAT_H 1
| #define HAVE_STDLIB_H 1
| #define HAVE_STRING_H 1
| #define HAVE_MEMORY_H 1
| #define HAVE_STRINGS_H 1
| #define HAVE_INTTYPES_H 1
| #define HAVE_STDINT_H 1
| #define HAVE_UNISTD_H 1
| #define NO_VALUES_H 1
| #define HAVE_LIMITS_H 1
| #define HAVE_SYS_PARAM_H 1
| #define USE_THREAD_ALLOC 1
| #define _REENTRANT 1
| #define _THREAD_SAFE 1
| #define TCL_THREADS 1
| #define MODULE_SCOPE extern __attribute__((__visibility__("hidden")))
| #define TCL_WIDE_INT_TYPE long long
| #define HAVE_STRUCT_STAT64 1
| /* end confdefs.h.  */
| /* Define open64 to an innocuous variant, in case <limits.h> declares open64.
|    For example, HP-UX 11i <limits.h> declares gettimeofday.  */
| #define open64 innocuous_open64
| 
| /* System header to define __stub macros and hopefully few prototypes,
|     which can conflict with char open64 (); below.
|     Prefer <limits.h> to <assert.h> if __STDC__ is defined, since
|     <limits.h> exists even on freestanding compilers.  */
| 
| #ifdef __STDC__
| # include <limits.h>
| #else
| # include <assert.h>
| #endif
| 
| #undef open64
| 
| /* Override any gcc2 internal prototype to avoid an error.  */
| #ifdef __cplusplus
| extern "C"
| {
| #endif
| /* We use char because int might match the return type of a gcc2
|    builtin and then its argument prototype would still apply.  */
| char open64 ();
| /* The GNU C library defines this for functions which it implements
|     to always fail with ENOSYS.  Some functions are actually named
|     something starting with __ and the normal name is an alias.  */
| #if defined (__stub_open64) || defined (__stub___open64)
| choke me
| #else
| char (*f) () = open64;
| #endif
| #ifdef __cplusplus
| }
| #endif
| 
| int
| main ()
| {
| return f != open64;
|   ;
|   return 0;
| }
configure:10837: result: no
configure:10749: checking for lseek64
configure:10806: gcc -o conftest -pipe     -prebind -headerpad_max_install_names -Wl,-search_paths_first  conftest.c  >&5
Undefined symbols:
  "_lseek64", referenced from:
      _f in ccjRqzoP.o
      _lseek64$non_lazy_ptr in ccjRqzoP.o
ld: symbol(s) not found
collect2: ld returned 1 exit status
configure:10812: $? = 1
configure: failed program was:
| /* confdefs.h.  */
| 
| #define PACKAGE_NAME "Tktable"
| #define PACKAGE_TARNAME "tktable"
| #define PACKAGE_VERSION "2.10"
| #define PACKAGE_STRING "Tktable 2.10"
| #define PACKAGE_BUGREPORT ""
| #define MAC_OSX_TK 1
| #define STDC_HEADERS 1
| #define HAVE_SYS_TYPES_H 1
| #define HAVE_SYS_STAT_H 1
| #define HAVE_STDLIB_H 1
| #define HAVE_STRING_H 1
| #define HAVE_MEMORY_H 1
| #define HAVE_STRINGS_H 1
| #define HAVE_INTTYPES_H 1
| #define HAVE_STDINT_H 1
| #define HAVE_UNISTD_H 1
| #define NO_VALUES_H 1
| #define HAVE_LIMITS_H 1
| #define HAVE_SYS_PARAM_H 1
| #define USE_THREAD_ALLOC 1
| #define _REENTRANT 1
| #define _THREAD_SAFE 1
| #define TCL_THREADS 1
| #define MODULE_SCOPE extern __attribute__((__visibility__("hidden")))
| #define TCL_WIDE_INT_TYPE long long
| #define HAVE_STRUCT_STAT64 1
| /* end confdefs.h.  */
| /* Define lseek64 to an innocuous variant, in case <limits.h> declares lseek64.
|    For example, HP-UX 11i <limits.h> declares gettimeofday.  */
| #define lseek64 innocuous_lseek64
| 
| /* System header to define __stub macros and hopefully few prototypes,
|     which can conflict with char lseek64 (); below.
|     Prefer <limits.h> to <assert.h> if __STDC__ is defined, since
|     <limits.h> exists even on freestanding compilers.  */
| 
| #ifdef __STDC__
| # include <limits.h>
| #else
| # include <assert.h>
| #endif
| 
| #undef lseek64
| 
| /* Override any gcc2 internal prototype to avoid an error.  */
| #ifdef __cplusplus
| extern "C"
| {
| #endif
| /* We use char because int might match the return type of a gcc2
|    builtin and then its argument prototype would still apply.  */
| char lseek64 ();
| /* The GNU C library defines this for functions which it implements
|     to always fail with ENOSYS.  Some functions are actually named
|     something starting with __ and the normal name is an alias.  */
| #if defined (__stub_lseek64) || defined (__stub___lseek64)
| choke me
| #else
| char (*f) () = lseek64;
| #endif
| #ifdef __cplusplus
| }
| #endif
| 
| int
| main ()
| {
| return f != lseek64;
|   ;
|   return 0;
| }
configure:10837: result: no
configure:10847: checking for off64_t
configure:10870: gcc -c -pipe    conftest.c >&5
conftest.c: In function 'main':
conftest.c:34: error: 'off64_t' undeclared (first use in this function)
conftest.c:34: error: (Each undeclared identifier is reported only once
conftest.c:34: error: for each function it appears in.)
conftest.c:34: error: syntax error before 'offset'
configure:10876: $? = 1
configure: failed program was:
| /* confdefs.h.  */
| 
| #define PACKAGE_NAME "Tktable"
| #define PACKAGE_TARNAME "tktable"
| #define PACKAGE_VERSION "2.10"
| #define PACKAGE_STRING "Tktable 2.10"
| #define PACKAGE_BUGREPORT ""
| #define MAC_OSX_TK 1
| #define STDC_HEADERS 1
| #define HAVE_SYS_TYPES_H 1
| #define HAVE_SYS_STAT_H 1
| #define HAVE_STDLIB_H 1
| #define HAVE_STRING_H 1
| #define HAVE_MEMORY_H 1
| #define HAVE_STRINGS_H 1
| #define HAVE_INTTYPES_H 1
| #define HAVE_STDINT_H 1
| #define HAVE_UNISTD_H 1
| #define NO_VALUES_H 1
| #define HAVE_LIMITS_H 1
| #define HAVE_SYS_PARAM_H 1
| #define USE_THREAD_ALLOC 1
| #define _REENTRANT 1
| #define _THREAD_SAFE 1
| #define TCL_THREADS 1
| #define MODULE_SCOPE extern __attribute__((__visibility__("hidden")))
| #define TCL_WIDE_INT_TYPE long long
| #define HAVE_STRUCT_STAT64 1
| /* end confdefs.h.  */
| #include <sys/types.h>
| int
| main ()
| {
| off64_t offset;
| 
|   ;
|   return 0;
| }
configure:10912: result: no
configure:10926: checking for build with symbols
configure:10939: result: no
configure:11080: checking for tclsh
configure:11107: result: /usr/local/bin/tclsh8.5
configure:11112: checking for wish
configure:11139: result: /usr/local/bin/wish8.5
configure:11276: creating ./config.status

## ---------------------- ##
## Running config.status. ##
## ---------------------- ##

This file was extended by Tktable config.status 2.10, which was
generated by GNU Autoconf 2.59.  Invocation command line was

  CONFIG_FILES    = 
  CONFIG_HEADERS  = 
  CONFIG_LINKS    = 
  CONFIG_COMMANDS = 
  $ ./config.status 

on john-verzanis-macbook-pro.local

config.status:708: creating Makefile

## ---------------- ##
## Cache variables. ##
## ---------------- ##

ac_cv_c_bigendian=no
ac_cv_c_compiler_gnu=yes
ac_cv_c_tclconfig=/Library/Frameworks/Tcl.framework
ac_cv_c_tclh=/Library/Frameworks/Tcl.framework/Headers
ac_cv_c_tkconfig=/Library/Frameworks/Tk.framework
ac_cv_c_tkh=/Library/Frameworks/Tk.framework/Headers
ac_cv_env_CC_set=
ac_cv_env_CC_value=
ac_cv_env_CFLAGS_set=
ac_cv_env_CFLAGS_value=
ac_cv_env_CPPFLAGS_set=
ac_cv_env_CPPFLAGS_value=
ac_cv_env_CPP_set=
ac_cv_env_CPP_value=
ac_cv_env_LDFLAGS_set=
ac_cv_env_LDFLAGS_value=
ac_cv_env_build_alias_set=
ac_cv_env_build_alias_value=
ac_cv_env_host_alias_set=
ac_cv_env_host_alias_value=
ac_cv_env_target_alias_set=
ac_cv_env_target_alias_value=
ac_cv_exeext=
ac_cv_func_connect=yes
ac_cv_func_gethostbyname=yes
ac_cv_func_lseek64=no
ac_cv_func_open64=no
ac_cv_func_sin=yes
ac_cv_header_dlfcn_h=yes
ac_cv_header_errno_h=yes
ac_cv_header_float_h=yes
ac_cv_header_inttypes_h=yes
ac_cv_header_limits_h=yes
ac_cv_header_memory_h=yes
ac_cv_header_net_errno_h=no
ac_cv_header_stdc=yes
ac_cv_header_stdint_h=yes
ac_cv_header_stdlib_h=yes
ac_cv_header_string_h=yes
ac_cv_header_strings_h=yes
ac_cv_header_sys_param_h=yes
ac_cv_header_sys_stat_h=yes
ac_cv_header_sys_types_h=yes
ac_cv_header_sys_wait_h=yes
ac_cv_header_unistd_h=yes
ac_cv_header_values_h=no
ac_cv_lib_dl_dlopen=yes
ac_cv_lib_ieee_main=no
ac_cv_lib_inet_main=no
ac_cv_lib_pthread_pthread_mutex_init=yes
ac_cv_objext=o
ac_cv_path_install='/usr/bin/install -c'
ac_cv_prog_AR=ar
ac_cv_prog_CPP='gcc -E'
ac_cv_prog_ac_ct_CC=gcc
ac_cv_prog_ac_ct_RANLIB=ranlib
ac_cv_prog_cc_g=yes
ac_cv_prog_cc_stdc=
ac_cv_prog_egrep='grep -E'
ac_cv_prog_make_make_set=yes
tcl_cv_cc_pipe=yes
tcl_cv_cc_visibility_hidden=yes
tcl_cv_dirent_h=yes
tcl_cv_flag__isoc99_source=no
tcl_cv_flag__largefile64_source=no
tcl_cv_flag__largefile_source64=no
tcl_cv_ld_search_paths_first=yes
tcl_cv_ld_single_module=yes
tcl_cv_struct_dirent64=no
tcl_cv_struct_stat64=yes
tcl_cv_sys_version=Darwin-9.5.0
tcl_cv_type_64bit='long long'
tcl_cv_type_off64_t=no

## ----------------- ##
## Output variables. ##
## ----------------- ##

AR='ar'
CC='gcc'
CELIB_DIR=''
CFLAGS='-pipe  ${CFLAGS_DEFAULT} ${CFLAGS_WARNING} ${SHLIB_CFLAGS}  '
CFLAGS_DEBUG='-g'
CFLAGS_DEFAULT='-Os'
CFLAGS_OPTIMIZE='-Os'
CFLAGS_WARNING='-Wall -Wno-implicit-int'
CLEANFILES='pkgIndex.tcl tkTable.tcl.h'
CPP='gcc -E'
CPPFLAGS=''
CYGPATH='echo'
DEFS='-DPACKAGE_NAME=\"Tktable\" -DPACKAGE_TARNAME=\"tktable\" -DPACKAGE_VERSION=\"2.10\" -DPACKAGE_STRING=\"Tktable\ 2.10\" -DPACKAGE_BUGREPORT=\"\" -DMAC_OSX_TK=1 -DSTDC_HEADERS=1 -DHAVE_SYS_TYPES_H=1 -DHAVE_SYS_STAT_H=1 -DHAVE_STDLIB_H=1 -DHAVE_STRING_H=1 -DHAVE_MEMORY_H=1 -DHAVE_STRINGS_H=1 -DHAVE_INTTYPES_H=1 -DHAVE_STDINT_H=1 -DHAVE_UNISTD_H=1 -DNO_VALUES_H=1 -DHAVE_LIMITS_H=1 -DHAVE_SYS_PARAM_H=1 -DUSE_THREAD_ALLOC=1 -D_REENTRANT=1 -D_THREAD_SAFE=1 -DTCL_THREADS=1 -DMODULE_SCOPE=extern\ __attribute__\(\(__visibility__\(\"hidden\"\)\)\) -DTCL_WIDE_INT_TYPE=long\ long -DHAVE_STRUCT_STAT64=1 -DUSE_TCL_STUBS=1 -DUSE_TK_STUBS=1 '
DL_LIBS=''
ECHO_C='ECHO_N=''
ECHO_T=''
EGREP='grep -E'
EXEEXT=''
INSTALL_DATA='${INSTALL} -m 644'
INSTALL_PROGRAM='${INSTALL}'
INSTALL_SCRIPT='${INSTALL}'
LDFLAGS=' -prebind -headerpad_max_install_names -Wl,-search_paths_first '
LDFLAGS_DEFAULT=' -prebind -headerpad_max_install_names -Wl,-search_paths_first '
LD_LIBRARY_PATH_VAR='DYLD_LIBRARY_PATH'
LIBOBJS=''
LIBS=''
LTLIBOBJS=''
MAKE_LIB='${SHLIB_LD} -o $@ $(PKG_OBJECTS) ${SHLIB_LD_LIBS} '
MAKE_SHARED_LIB='${SHLIB_LD} -o $@ $(PKG_OBJECTS) ${SHLIB_LD_LIBS}'
MAKE_STATIC_LIB='${STLIB_LD} $@ $(PKG_OBJECTS)'
MAKE_STUB_LIB='${STLIB_LD} $@ $(PKG_STUB_OBJECTS)'
MATH_LIBS=''
OBJEXT='o'
PACKAGE_BUGREPORT=''
PACKAGE_NAME='Tktable'
PACKAGE_STRING='Tktable 2.10'
PACKAGE_TARNAME='tktable'
PACKAGE_VERSION='2.10'
PATH_SEPARATOR=':'
PKG_CFLAGS=' '
PKG_HEADERS=''
PKG_INCLUDES=' -I. -I"./generic"'
PKG_LIBS=''
PKG_LIB_FILE='libTktable2.10.dylib'
PKG_OBJECTS=' tkTable.o tkTableWin.o tkTableTag.o tkTableEdit.o tkTableCell.o tkTableCellSort.o tkTableCmds.o tkTableUtil.o'
PKG_SOURCES=' tkTable.c tkTableWin.c tkTableTag.c tkTableEdit.c tkTableCell.c tkTableCellSort.c tkTableCmds.c tkTableUtil.c'
PKG_STUB_LIB_FILE='libTktablestub2.10.a'
PKG_STUB_OBJECTS=''
PKG_STUB_SOURCES=''
PKG_TCL_SOURCES=' library/tkTable.tcl library/tktable.py'
RANLIB=':'
RANLIB_STUB='ranlib'
SET_MAKE=''
SHARED_BUILD='1'
SHELL='/bin/sh'
SHLIB_CFLAGS='-fno-common'
SHLIB_LD='${CC} -dynamiclib ${CFLAGS} ${LDFLAGS_DEFAULT} -Wl,-single_module -current_version 2.10 -compatibility_version 2.10'
SHLIB_LD_LIBS='${LIBS} -L/Library/Frameworks/Tcl.framework -ltclstub8.5 -L/Library/Frameworks/Tk.framework -ltkstub8.5'
STLIB_LD='${AR} cr'
TCLSH_PROG='/usr/local/bin/tclsh8.5'
TCL_BIN_DIR='/Library/Frameworks/Tcl.framework'
TCL_DBGX=''
TCL_DEFS='-DPACKAGE_NAME=\"tcl\" -DPACKAGE_TARNAME=\"tcl\" -DPACKAGE_VERSION=\"8.5\" -DPACKAGE_STRING=\"tcl\ 8.5\" -DPACKAGE_BUGREPORT=\"\" -DSTDC_HEADERS=1 -DHAVE_SYS_TYPES_H=1 -DHAVE_SYS_STAT_H=1 -DHAVE_STDLIB_H=1 -DHAVE_STRING_H=1 -DHAVE_MEMORY_H=1 -DHAVE_STRINGS_H=1 -DHAVE_INTTYPES_H=1 -DHAVE_STDINT_H=1 -DHAVE_UNISTD_H=1 -DNO_VALUES_H=1 -DHAVE_LIMITS_H=1 -DHAVE_SYS_PARAM_H=1 -DUSE_THREAD_ALLOC=1 -D_REENTRANT=1 -D_THREAD_SAFE=1 -DHAVE_PTHREAD_ATTR_SETSTACKSIZE=1 -DHAVE_PTHREAD_GET_STACKSIZE_NP=1 -DTCL_THREADS=1 -DTCL_CFGVAL_ENCODING=\"iso8859-1\" -DMODULE_SCOPE=extern\ __attribute__\(\(__visibility__\(\"hidden\"\)\)\) -DMAC_OSX_TCL=1 -DHAVE_COREFOUNDATION=1 -DTCL_SHLIB_EXT=\".dylib\" -DTCL_CFG_OPTIMIZED=1 -DTCL_CFG_DEBUG=1 -DTCL_TOMMATH=1 -DMP_PREC=4 -DTCL_WIDE_INT_TYPE=long\ long -DHAVE_STRUCT_STAT64=1 -DHAVE_GETCWD=1 -DHAVE_OPENDIR=1 -DHAVE_STRTOL=1 -DHAVE_WAITPID=1 -DHAVE_GETADDRINFO=1 -DHAVE_GETPWUID_R_5=1 -DHAVE_GETPWUID_R=1 -DHAVE_GETPWNAM_R_5=1 -DHAVE_GETPWNAM_R=1 -DHAVE_GETGRGID_R_5=1 -DHAVE_GETGRGID_R=1 -DHAVE_GETGRNAM_R_5=1 -DHAVE_GETGRNAM_R=1 -DHAVE_MTSAFE_GETHOSTBYNAME=1 -DHAVE_MTSAFE_GETHOSTBYADDR=1 -DUSE_TERMIOS=1 -DHAVE_SYS_TIME_H=1 -DTIME_WITH_SYS_TIME=1 -DHAVE_STRUCT_TM_TM_ZONE=1 -DHAVE_TM_ZONE=1 -DHAVE_GMTIME_R=1 -DHAVE_LOCALTIME_R=1 -DHAVE_MKTIME=1 -DHAVE_TM_GMTOFF=1 -DHAVE_TIMEZONE_VAR=1 -DHAVE_STRUCT_STAT_ST_BLKSIZE=1 -DHAVE_ST_BLKSIZE=1 -DHAVE_INTPTR_T=1 -DHAVE_UINTPTR_T=1 -DHAVE_SIGNED_CHAR=1 -DHAVE_LANGINFO=1 -DHAVE_CHFLAGS=1 -DHAVE_GETATTRLIST=1 -DHAVE_COPYFILE_H=1 -DHAVE_COPYFILE=1 -DHAVE_LIBKERN_OSATOMIC_H=1 -DHAVE_OSSPINLOCKLOCK=1 -DHAVE_PTHREAD_ATFORK=1 -DUSE_VFORK=1 -DTCL_DEFAULT_ENCODING=\"utf-8\" -DTCL_LOAD_FROM_MEMORY=1 -DTCL_WIDE_CLICKS=1 -DHAVE_AVAILABILITYMACROS_H=1 -DHAVE_WEAK_IMPORT=1 -DHAVE_FTS=1 -DHAVE_SYS_IOCTL_H=1 -DHAVE_SYS_FILIO_H=1 -DTCL_UNLOAD_DLLS=1 -DUSE_DTRACE=1 -DTCL_FRAMEWORK=1 '
TCL_EXTRA_CFLAGS='-pipe   '
TCL_INCLUDES='-I"/Library/Frameworks/Tcl.framework/Headers"'
TCL_LD_FLAGS=' -prebind -headerpad_max_install_names -Wl,-search_paths_first '
TCL_LIBS='${DL_LIBS} ${LIBS} ${MATH_LIBS}'
TCL_LIB_FILE='Tcl'
TCL_LIB_FLAG='-framework Tcl'
TCL_LIB_SPEC='-F/Library/Frameworks -framework Tcl'
TCL_SHLIB_LD_LIBS='${LIBS}'
TCL_SRC_DIR='/Users/verzani/Software/tcl8.5.3'
TCL_STUB_LIB_FILE='libtclstub8.5.a'
TCL_STUB_LIB_FLAG='-ltclstub8.5'
TCL_STUB_LIB_SPEC='-L/Library/Frameworks/Tcl.framework -ltclstub8.5'
TCL_THREADS='1'
TCL_VERSION='8.5'
TK_BIN_DIR='/Library/Frameworks/Tk.framework'
TK_INCLUDES='-I"/Library/Frameworks/Tk.framework/Headers"'
TK_LIBS='  -lpthread -framework CoreFoundation -framework Carbon -framework IOKit   -lpthread -framework CoreFoundation '
TK_LIB_FILE='Tk'
TK_LIB_FLAG='-framework Tk'
TK_LIB_SPEC='-F/Library/Frameworks -framework Tk'
TK_SRC_DIR='/Users/verzani/Software/tk8.5.3'
TK_STUB_LIB_FILE='libtkstub8.5.a'
TK_STUB_LIB_FLAG='-ltkstub8.5'
TK_STUB_LIB_SPEC='-L/Library/Frameworks/Tk.framework -ltkstub8.5'
TK_VERSION='8.5'
TK_XINCLUDES=''
WISH_PROG='/usr/local/bin/wish8.5'
ac_ct_CC='gcc'
ac_ct_RANLIB='ranlib'
bindir='${exec_prefix}/bin'
build_alias=''
datadir='${prefix}/share'
exec_prefix='/usr/local'
host_alias=''
includedir='${prefix}/include'
infodir='${prefix}/info'
libdir='${exec_prefix}/lib'
libexecdir='${exec_prefix}/libexec'
localstatedir='${prefix}/var'
mandir='${prefix}/man'
oldincludedir='/usr/include'
prefix='/usr/local'
program_transform_name='s,x,x,'
sbindir='${exec_prefix}/sbin'
sharedstatedir='${prefix}/com'
sysconfdir='${prefix}/etc'
target_alias=''

## ----------- ##
## confdefs.h. ##
## ----------- ##

#define HAVE_INTTYPES_H 1
#define HAVE_LIMITS_H 1
#define HAVE_MEMORY_H 1
#define HAVE_STDINT_H 1
#define HAVE_STDLIB_H 1
#define HAVE_STRINGS_H 1
#define HAVE_STRING_H 1
#define HAVE_STRUCT_STAT64 1
#define HAVE_SYS_PARAM_H 1
#define HAVE_SYS_STAT_H 1
#define HAVE_SYS_TYPES_H 1
#define HAVE_UNISTD_H 1
#define MAC_OSX_TK 1
#define MODULE_SCOPE extern __attribute__((__visibility__("hidden")))
#define NO_VALUES_H 1
#define PACKAGE_BUGREPORT ""
#define PACKAGE_NAME "Tktable"
#define PACKAGE_STRING "Tktable 2.10"
#define PACKAGE_TARNAME "tktable"
#define PACKAGE_VERSION "2.10"
#define STDC_HEADERS 1
#define TCL_THREADS 1
#define TCL_WIDE_INT_TYPE long long
#define USE_TCL_STUBS 1
#define USE_THREAD_ALLOC 1
#define USE_TK_STUBS 1
#define _REENTRANT 1
#define _THREAD_SAFE 1

configure: exit 0
